[15:06:09] [Server console handler/ERROR]: Exception handling console input
java.io.IOException: Неверный дескриптор
	at java.io.FileInputStream.readBytes(Native Method) ~[?:1.8.0_261]
	at java.io.FileInputStream.read(Unknown Source) ~[?:1.8.0_261]
	at java.io.BufferedInputStream.read1(Unknown Source) ~[?:1.8.0_261]
	at java.io.BufferedInputStream.read(Unknown Source) ~[?:1.8.0_261]
	at sun.nio.cs.StreamDecoder.readBytes(Unknown Source) ~[?:1.8.0_261]
	at sun.nio.cs.StreamDecoder.implRead(Unknown Source) ~[?:1.8.0_261]
	at sun.nio.cs.StreamDecoder.read(Unknown Source) ~[?:1.8.0_261]
	at java.io.InputStreamReader.read(Unknown Source) ~[?:1.8.0_261]
	at java.io.BufferedReader.fill(Unknown Source) ~[?:1.8.0_261]
	at java.io.BufferedReader.readLine(Unknown Source) ~[?:1.8.0_261]
	at java.io.BufferedReader.readLine(Unknown Source) ~[?:1.8.0_261]
	at nz$2.run(SourceFile:100) [minecraft_server.1.12.2.jar:?]
[15:06:09] [Server thread/INFO]: Starting minecraft server version 1.12.2
[15:06:09] [Server thread/INFO]: Loading properties
[15:06:09] [Server thread/INFO]: Default game type: SURVIVAL
[15:06:09] [Server thread/INFO]: Generating keypair
[15:06:09] [Server thread/INFO]: Starting Minecraft server on *:25565
[15:06:09] [Server thread/INFO]: Using default channel type
[15:06:10] [Server thread/INFO]: Preparing level "world"
[15:06:10] [Server thread/INFO]: Loaded 488 advancements
[15:06:11] [Server thread/INFO]: Preparing start region for level 0
[15:06:12] [Server thread/INFO]: Preparing spawn area: 8%
[15:06:13] [Server thread/INFO]: Preparing spawn area: 15%
[15:06:14] [Server thread/INFO]: Preparing spawn area: 24%
[15:06:15] [Server thread/INFO]: Preparing spawn area: 32%
[15:06:16] [Server thread/INFO]: Preparing spawn area: 44%
[15:06:17] [Server thread/INFO]: Preparing spawn area: 63%
[15:06:18] [Server thread/INFO]: Preparing spawn area: 74%
[15:06:19] [Server thread/INFO]: Preparing spawn area: 92%
[15:06:19] [Server thread/INFO]: Done (9,506s)! For help, type "help" or "?"
